<?xml version="1.0" encoding="UTF-8"?>
<testng-results ignored="0" total="1" passed="1" failed="0" skipped="0">
  <reporter-output>
  </reporter-output>
  <suite started-at="2024-08-25T02:40:57 PKT" name="Default suite" finished-at="2024-08-25T02:41:08 PKT" duration-ms="11731">
    <groups>
    </groups>
    <test started-at="2024-08-25T02:40:57 PKT" name="Default test" finished-at="2024-08-25T02:41:08 PKT" duration-ms="11731">
      <class name="com.qa.testcases.FlowTest">
        <test-method is-config="true" signature="initialize()[pri:0, instance:com.qa.testcases.FlowTest@1a6d8329]" started-at="2024-08-25T02:40:57 PKT" name="initialize" finished-at="2024-08-25T02:41:04 PKT" duration-ms="7266" status="PASS">
          <reporter-output>
          </reporter-output>
        </test-method> <!-- initialize -->
        <test-method signature="verifyHelp()[pri:0, instance:com.qa.testcases.FlowTest@1a6d8329]" started-at="2024-08-25T02:41:04 PKT" name="verifyHelp" description="Verify context under Help" finished-at="2024-08-25T02:41:08 PKT" duration-ms="4292" status="PASS">
          <reporter-output>
          </reporter-output>
        </test-method> <!-- verifyHelp -->
        <test-method is-config="true" signature="tearDown(org.testng.ITestResult)[pri:0, instance:com.qa.testcases.FlowTest@1a6d8329]" started-at="2024-08-25T02:41:08 PKT" name="tearDown" finished-at="2024-08-25T02:41:08 PKT" duration-ms="149" status="PASS">
          <params>
            <param index="0">
              <value>
                <![CDATA[[TestResult name=verifyHelp status=SUCCESS method=FlowTest.verifyHelp()[pri:0, instance:com.qa.testcases.FlowTest@1a6d8329] output={null}]]]>
              </value>
            </param>
          </params>
          <reporter-output>
          </reporter-output>
        </test-method> <!-- tearDown -->
      </class> <!-- com.qa.testcases.FlowTest -->
    </test> <!-- Default test -->
  </suite> <!-- Default suite -->
</testng-results>
